TN:
SF:src/index.ts
FN:16,(anonymous_1)
FN:21,(anonymous_2)
FNF:2
FNH:0
FNDA:0,(anonymous_1)
FNDA:0,(anonymous_2)
DA:1,0
DA:2,0
DA:3,0
DA:5,0
DA:6,0
DA:9,0
DA:10,0
DA:13,0
DA:16,0
DA:17,0
DA:21,0
DA:22,0
LF:12
LH:0
BRDA:6,0,0,0
BRDA:6,0,1,0
BRF:2
BRH:0
end_of_record
TN:
SF:src/routes/reports.ts
FN:8,(anonymous_1)
FN:50,(anonymous_2)
FNF:2
FNH:2
FNDA:4,(anonymous_1)
FNDA:4,(anonymous_2)
DA:1,1
DA:2,1
DA:3,1
DA:5,1
DA:8,1
DA:9,4
DA:10,4
DA:13,4
DA:16,4
DA:17,4
DA:18,0
DA:19,0
DA:23,4
DA:24,4
DA:26,4
DA:27,1
DA:28,1
DA:31,4
DA:34,4
DA:37,2
DA:40,2
DA:42,2
DA:44,2
DA:45,2
DA:50,1
DA:51,4
DA:52,4
DA:55,4
DA:56,4
DA:57,4
DA:58,0
DA:59,0
DA:63,4
DA:67,2
DA:68,1
DA:72,1
DA:75,1
DA:77,1
DA:79,2
DA:80,2
DA:84,1
LF:41
LH:37
BRDA:13,0,0,4
BRDA:13,0,1,3
BRDA:17,1,0,0
BRDA:26,2,0,1
BRDA:57,3,0,0
BRDA:67,4,0,1
BRF:6
BRH:4
end_of_record
TN:
SF:src/services/cache.ts
FN:2,(anonymous_0)
FN:6,(anonymous_1)
FN:18,(anonymous_2)
FNF:3
FNH:3
FNDA:2,(anonymous_0)
FNDA:10,(anonymous_1)
FNDA:7,(anonymous_2)
DA:3,2
DA:4,2
DA:7,10
DA:8,10
DA:10,3
DA:11,1
DA:12,1
DA:15,2
DA:19,7
DA:23,2
LF:10
LH:10
BRDA:8,0,0,7
BRDA:10,1,0,1
BRF:2
BRH:2
end_of_record
TN:
SF:src/services/db.ts
FNF:0
FNH:0
DA:1,0
DA:3,0
DA:13,0
LF:3
LH:0
BRDA:4,0,0,0
BRDA:4,0,1,0
BRDA:5,1,0,0
BRDA:5,1,1,0
BRDA:6,2,0,0
BRDA:6,2,1,0
BRDA:7,3,0,0
BRDA:7,3,1,0
BRF:8
BRH:0
end_of_record
TN:
SF:src/utils/keyword-detector.ts
FN:1,detectKeywords
FNF:1
FNH:0
FNDA:0,detectKeywords
DA:1,0
DA:5,0
LF:2
LH:0
BRF:0
BRH:0
end_of_record
